{
  message: '✅ Database Connected',
  level: 'info',
  label: 'UMS',
  timestamp: '2023-07-04T06:00:56.030Z'
}
{
  message: 'Application listening on port 5000',
  level: 'info',
  label: 'UMS',
  timestamp: '2023-07-04T06:00:56.063Z'
}
{
  message: '✅ Database Connected',
  level: 'info',
  label: 'UMS',
  timestamp: '2023-07-04T06:05:56.765Z'
}
{
  message: 'Application listening on port 5000',
  level: 'info',
  label: 'UMS',
  timestamp: '2023-07-04T06:05:56.801Z'
}
{
  message: '✅ Database Connected',
  level: 'info',
  label: 'UMS',
  timestamp: '2023-07-04T06:06:38.910Z'
}
{
  message: 'Application listening on port 5000',
  level: 'info',
  label: 'UMS',
  timestamp: '2023-07-04T06:06:38.940Z'
}
{
  message: '✅ Database Connected',
  level: 'info',
  label: 'UMS',
  timestamp: '2023-07-04T06:11:36.711Z'
}
{
  message: 'Application listening on port 5000',
  level: 'info',
  label: 'UMS',
  timestamp: '2023-07-04T06:11:36.756Z'
}
{
  message: '✅ Database Connected',
  level: 'info',
  label: 'UMS',
  timestamp: '2023-07-04T06:15:04.760Z'
}
{
  message: 'Application listening on port 5000',
  level: 'info',
  label: 'UMS',
  timestamp: '2023-07-04T06:15:04.785Z'
}
{
  message: '✅ Database Connected',
  level: 'info',
  label: 'UMS',
  timestamp: '2023-07-04T06:15:36.242Z'
}
{
  message: 'Application listening on port 5000',
  level: 'info',
  label: 'UMS',
  timestamp: '2023-07-04T06:15:36.265Z'
}
{
  message: '✅ Database Connected',
  level: 'info',
  label: 'UMS',
  timestamp: '2023-07-04T06:18:53.316Z'
}
{
  message: 'Application listening on port 5000',
  level: 'info',
  label: 'UMS',
  timestamp: '2023-07-04T06:18:53.341Z'
}
{
  message: '✅ Database Connected',
  level: 'info',
  label: 'UMS',
  timestamp: '2023-07-04T06:28:35.218Z'
}
{
  message: 'Application listening on port 5000',
  level: 'info',
  label: 'UMS',
  timestamp: '2023-07-04T06:28:35.256Z'
}
{
  message: '✅ Database Connected',
  level: 'info',
  label: 'UMS',
  timestamp: '2023-07-04T06:32:14.418Z'
}
{
  message: 'Application listening on port 5000',
  level: 'info',
  label: 'UMS',
  timestamp: '2023-07-04T06:32:14.444Z'
}
{
  message: '✅ Database Connected',
  level: 'info',
  label: 'UMS',
  timestamp: '2023-07-04T06:34:07.144Z'
}
{
  message: 'Application listening on port 5000',
  level: 'info',
  label: 'UMS',
  timestamp: '2023-07-04T06:34:07.209Z'
}
{
  message: '✅ Database Connected',
  level: 'info',
  label: 'UMS',
  timestamp: '2023-07-04T06:35:12.329Z'
}
{
  message: 'Application listening on port 5000',
  level: 'info',
  label: 'UMS',
  timestamp: '2023-07-04T06:35:12.355Z'
}
{
  message: '✅ Database Connected',
  level: 'info',
  label: 'UMS',
  timestamp: '2023-07-04T06:40:28.357Z'
}
{
  message: 'Application listening on port 5000',
  level: 'info',
  label: 'UMS',
  timestamp: '2023-07-04T06:40:28.379Z'
}
{
  message: '✅ Database Connected',
  level: 'info',
  label: 'UMS',
  timestamp: '2023-07-04T06:41:39.036Z'
}
{
  message: 'Application listening on port 5000',
  level: 'info',
  label: 'UMS',
  timestamp: '2023-07-04T06:41:39.061Z'
}
{
  message: '✅ Database Connected',
  level: 'info',
  label: 'UMS',
  timestamp: '2023-07-04T06:46:36.654Z'
}
{
  message: 'Application listening on port 5000',
  level: 'info',
  label: 'UMS',
  timestamp: '2023-07-04T06:46:36.696Z'
}
{
  message: '✅ Database Connected',
  level: 'info',
  label: 'UMS',
  timestamp: '2023-07-04T06:53:49.354Z'
}
{
  message: 'Application listening on port 5000',
  level: 'info',
  label: 'UMS',
  timestamp: '2023-07-04T06:53:49.402Z'
}
{
  message: '✅ Database Connected',
  level: 'info',
  label: 'UMS',
  timestamp: '2023-07-04T06:54:30.147Z'
}
{
  message: 'Application listening on port 5000',
  level: 'info',
  label: 'UMS',
  timestamp: '2023-07-04T06:54:30.270Z'
}
{
  message: '✅ Database Connected',
  level: 'info',
  label: 'UMS',
  timestamp: '2023-07-04T06:55:40.512Z'
}
{
  message: 'Application listening on port 5000',
  level: 'info',
  label: 'UMS',
  timestamp: '2023-07-04T06:55:40.545Z'
}
{
  message: '✅ Database Connected',
  level: 'info',
  label: 'UMS',
  timestamp: '2023-07-04T06:56:27.090Z'
}
{
  message: 'Application listening on port 5000',
  level: 'info',
  label: 'UMS',
  timestamp: '2023-07-04T06:56:27.121Z'
}
