{
  message: '✅ Database Connected',
  level: 'info',
  label: 'UMS',
  timestamp: '2023-06-26T04:37:43.363Z'
}
{
  message: 'Application listening on port 5000',
  level: 'info',
  label: 'UMS',
  timestamp: '2023-06-26T04:37:43.392Z'
}
{
  message: '✅ Database Connected',
  level: 'info',
  label: 'UMS',
  timestamp: '2023-06-26T04:40:33.352Z'
}
{
  message: 'Application listening on port 5000',
  level: 'info',
  label: 'UMS',
  timestamp: '2023-06-26T04:40:33.373Z'
}
{
  message: '✅ Database Connected',
  level: 'info',
  label: 'UMS',
  timestamp: '2023-06-26T04:46:29.162Z'
}
{
  message: 'Application listening on port 5000',
  level: 'info',
  label: 'UMS',
  timestamp: '2023-06-26T04:46:29.182Z'
}
{
  message: '✅ Database Connected',
  level: 'info',
  label: 'UMS',
  timestamp: '2023-06-26T04:46:37.363Z'
}
{
  message: 'Application listening on port 5000',
  level: 'info',
  label: 'UMS',
  timestamp: '2023-06-26T04:46:37.387Z'
}
{
  message: '✅ Database Connected',
  level: 'info',
  label: 'UMS',
  timestamp: '2023-06-26T04:53:33.560Z'
}
{
  message: 'Application listening on port 5000',
  level: 'info',
  label: 'UMS',
  timestamp: '2023-06-26T04:53:33.604Z'
}
