{
  message: '✅ Database Connected',
  level: 'info',
  label: 'UMS',
  timestamp: '2023-06-16T15:08:39.393Z'
}
{
  message: 'Application listening on port 5000',
  level: 'info',
  label: 'UMS',
  timestamp: '2023-06-16T15:08:39.430Z'
}
{
  message: '✅ Database Connected',
  level: 'info',
  label: 'UMS',
  timestamp: '2023-06-16T15:23:31.848Z'
}
{
  message: 'Application listening on port 5000',
  level: 'info',
  label: 'UMS',
  timestamp: '2023-06-16T15:23:31.892Z'
}
{
  message: '✅ Database Connected',
  level: 'info',
  label: 'UMS',
  timestamp: '2023-06-16T15:23:59.965Z'
}
{
  message: 'Application listening on port 5000',
  level: 'info',
  label: 'UMS',
  timestamp: '2023-06-16T15:23:59.991Z'
}
{
  message: '✅ Database Connected',
  level: 'info',
  label: 'UMS',
  timestamp: '2023-06-16T15:26:40.685Z'
}
{
  message: 'Application listening on port 5000',
  level: 'info',
  label: 'UMS',
  timestamp: '2023-06-16T15:26:40.706Z'
}
{
  message: '✅ Database Connected',
  level: 'info',
  label: 'UMS',
  timestamp: '2023-06-16T15:29:30.177Z'
}
{
  message: 'Application listening on port 5000',
  level: 'info',
  label: 'UMS',
  timestamp: '2023-06-16T15:29:30.204Z'
}
{
  message: '✅ Database Connected',
  level: 'info',
  label: 'UMS',
  timestamp: '2023-06-16T15:30:02.942Z'
}
{
  message: 'Application listening on port 5000',
  level: 'info',
  label: 'UMS',
  timestamp: '2023-06-16T15:30:02.963Z'
}
