{
  message: '✅ Database Connected',
  level: 'info',
  label: 'UMS',
  timestamp: '2023-06-24T10:44:34.372Z'
}
{
  message: 'Application listening on port 5000',
  level: 'info',
  label: 'UMS',
  timestamp: '2023-06-24T10:44:34.405Z'
}
{
  message: '✅ Database Connected',
  level: 'info',
  label: 'UMS',
  timestamp: '2023-06-24T10:45:05.386Z'
}
{
  message: 'Application listening on port 5000',
  level: 'info',
  label: 'UMS',
  timestamp: '2023-06-24T10:45:05.418Z'
}
{
  message: '✅ Database Connected',
  level: 'info',
  label: 'UMS',
  timestamp: '2023-06-24T10:50:02.829Z'
}
{
  message: 'Application listening on port 5000',
  level: 'info',
  label: 'UMS',
  timestamp: '2023-06-24T10:50:02.870Z'
}
{
  message: '✅ Database Connected',
  level: 'info',
  label: 'UMS',
  timestamp: '2023-06-24T10:52:42.251Z'
}
{
  message: 'Application listening on port 5000',
  level: 'info',
  label: 'UMS',
  timestamp: '2023-06-24T10:52:42.278Z'
}
{
  message: '✅ Database Connected',
  level: 'info',
  label: 'UMS',
  timestamp: '2023-06-24T10:55:48.460Z'
}
{
  message: 'Application listening on port 5000',
  level: 'info',
  label: 'UMS',
  timestamp: '2023-06-24T10:55:48.497Z'
}
{
  message: '✅ Database Connected',
  level: 'info',
  label: 'UMS',
  timestamp: '2023-06-24T10:57:46.616Z'
}
{
  message: 'Application listening on port 5000',
  level: 'info',
  label: 'UMS',
  timestamp: '2023-06-24T10:57:46.656Z'
}
{
  message: '✅ Database Connected',
  level: 'info',
  label: 'UMS',
  timestamp: '2023-06-24T10:59:18.386Z'
}
{
  message: 'Application listening on port 5000',
  level: 'info',
  label: 'UMS',
  timestamp: '2023-06-24T10:59:18.416Z'
}
