{
  message: '✅ Database Connected',
  level: 'info',
  label: 'UMS',
  timestamp: '2023-07-04T09:06:30.415Z'
}
{
  message: 'Application listening on port 5000',
  level: 'info',
  label: 'UMS',
  timestamp: '2023-07-04T09:06:30.446Z'
}
{
  message: '✅ Database Connected',
  level: 'info',
  label: 'UMS',
  timestamp: '2023-07-04T09:07:21.460Z'
}
{
  message: 'Application listening on port 5000',
  level: 'info',
  label: 'UMS',
  timestamp: '2023-07-04T09:07:21.489Z'
}
{
  message: '✅ Database Connected',
  level: 'info',
  label: 'UMS',
  timestamp: '2023-07-04T09:10:08.147Z'
}
{
  message: 'Application listening on port 5000',
  level: 'info',
  label: 'UMS',
  timestamp: '2023-07-04T09:10:08.172Z'
}
{
  message: '✅ Database Connected',
  level: 'info',
  label: 'UMS',
  timestamp: '2023-07-04T09:10:43.675Z'
}
{
  message: 'Application listening on port 5000',
  level: 'info',
  label: 'UMS',
  timestamp: '2023-07-04T09:10:43.696Z'
}
{
  message: '✅ Database Connected',
  level: 'info',
  label: 'UMS',
  timestamp: '2023-07-04T09:11:26.394Z'
}
{
  message: 'Application listening on port 5000',
  level: 'info',
  label: 'UMS',
  timestamp: '2023-07-04T09:11:26.428Z'
}
{
  message: '✅ Database Connected',
  level: 'info',
  label: 'UMS',
  timestamp: '2023-07-04T09:11:53.286Z'
}
{
  message: 'Application listening on port 5000',
  level: 'info',
  label: 'UMS',
  timestamp: '2023-07-04T09:11:53.309Z'
}
{
  message: '✅ Database Connected',
  level: 'info',
  label: 'UMS',
  timestamp: '2023-07-04T09:12:06.214Z'
}
{
  message: 'Application listening on port 5000',
  level: 'info',
  label: 'UMS',
  timestamp: '2023-07-04T09:12:06.240Z'
}
{
  message: '✅ Database Connected',
  level: 'info',
  label: 'UMS',
  timestamp: '2023-07-04T09:16:34.472Z'
}
{
  message: 'Application listening on port 5000',
  level: 'info',
  label: 'UMS',
  timestamp: '2023-07-04T09:16:34.495Z'
}
{
  message: '✅ Database Connected',
  level: 'info',
  label: 'UMS',
  timestamp: '2023-07-04T09:19:38.183Z'
}
{
  message: 'Application listening on port 5000',
  level: 'info',
  label: 'UMS',
  timestamp: '2023-07-04T09:19:38.226Z'
}
{
  message: '✅ Database Connected',
  level: 'info',
  label: 'UMS',
  timestamp: '2023-07-04T09:20:12.741Z'
}
{
  message: 'Application listening on port 5000',
  level: 'info',
  label: 'UMS',
  timestamp: '2023-07-04T09:20:12.763Z'
}
{
  message: '✅ Database Connected',
  level: 'info',
  label: 'UMS',
  timestamp: '2023-07-04T09:22:44.326Z'
}
{
  message: 'Application listening on port 5000',
  level: 'info',
  label: 'UMS',
  timestamp: '2023-07-04T09:22:44.358Z'
}
{
  message: '✅ Database Connected',
  level: 'info',
  label: 'UMS',
  timestamp: '2023-07-04T09:23:09.770Z'
}
{
  message: 'Application listening on port 5000',
  level: 'info',
  label: 'UMS',
  timestamp: '2023-07-04T09:23:09.793Z'
}
{
  message: '✅ Database Connected',
  level: 'info',
  label: 'UMS',
  timestamp: '2023-07-04T09:25:42.267Z'
}
{
  message: 'Application listening on port 5000',
  level: 'info',
  label: 'UMS',
  timestamp: '2023-07-04T09:25:42.291Z'
}
{
  message: '✅ Database Connected',
  level: 'info',
  label: 'UMS',
  timestamp: '2023-07-04T09:26:20.660Z'
}
{
  message: 'Application listening on port 5000',
  level: 'info',
  label: 'UMS',
  timestamp: '2023-07-04T09:26:20.687Z'
}
{
  message: '✅ Database Connected',
  level: 'info',
  label: 'UMS',
  timestamp: '2023-07-04T09:27:16.942Z'
}
{
  message: 'Application listening on port 5000',
  level: 'info',
  label: 'UMS',
  timestamp: '2023-07-04T09:27:16.978Z'
}
