{
  level: 'error',
  label: 'UMS',
  timestamp: '2023-06-24T10:46:55.863Z',
  [Symbol(errorLabels)]: Set(0) {}
}
{
  level: 'error',
  label: 'UMS',
  timestamp: '2023-06-24T10:51:31.554Z',
  [Symbol(errorLabels)]: Set(0) {}
}
{
  level: 'error',
  label: 'UMS',
  timestamp: '2023-06-24T10:52:56.185Z',
  [Symbol(errorLabels)]: Set(0) {}
}
{
  level: 'error',
  label: 'UMS',
  timestamp: '2023-06-24T10:56:44.321Z',
  [Symbol(errorLabels)]: Set(0) {}
}
{
  level: 'error',
  label: 'UMS',
  timestamp: '2023-06-24T10:58:38.212Z',
  [Symbol(errorLabels)]: Set(0) {}
}
