{
  errno: undefined,
  code: 'ETIMEOUT',
  syscall: 'queryTxt',
  hostname: 'cluster0.n1j80p8.mongodb.net',
  level: 'error',
  message: '❌ Failed to Connect queryTxt ETIMEOUT cluster0.n1j80p8.mongodb.net',
  stack: 'Error: queryTxt ETIMEOUT cluster0.n1j80p8.mongodb.net\n' +
    '    at QueryReqWrap.onresolve [as oncomplete] (node:internal/dns/promises:251:17)',
  label: 'UMS',
  timestamp: '2023-06-07T06:04:00.268Z'
}
{
  errno: undefined,
  code: 'ETIMEOUT',
  syscall: 'queryTxt',
  hostname: 'cluster0.n1j80p8.mongodb.net',
  level: 'error',
  message: '❌ Failed to Connect queryTxt ETIMEOUT cluster0.n1j80p8.mongodb.net',
  stack: 'Error: queryTxt ETIMEOUT cluster0.n1j80p8.mongodb.net\n' +
    '    at QueryReqWrap.onresolve [as oncomplete] (node:internal/dns/promises:251:17)',
  label: 'UMS',
  timestamp: '2023-06-07T06:05:31.666Z'
}
{
  errno: undefined,
  code: 'ETIMEOUT',
  syscall: 'queryTxt',
  hostname: 'cluster0.n1j80p8.mongodb.net',
  level: 'error',
  message: '❌ Failed to Connect queryTxt ETIMEOUT cluster0.n1j80p8.mongodb.net',
  stack: 'Error: queryTxt ETIMEOUT cluster0.n1j80p8.mongodb.net\n' +
    '    at QueryReqWrap.onresolve [as oncomplete] (node:internal/dns/promises:251:17)',
  label: 'UMS',
  timestamp: '2023-06-07T06:07:02.410Z'
}
{
  errno: undefined,
  code: 'ETIMEOUT',
  syscall: 'queryTxt',
  hostname: 'cluster0.n1j80p8.mongodb.net',
  level: 'error',
  message: '❌ Failed to Connect queryTxt ETIMEOUT cluster0.n1j80p8.mongodb.net',
  stack: 'Error: queryTxt ETIMEOUT cluster0.n1j80p8.mongodb.net\n' +
    '    at QueryReqWrap.onresolve [as oncomplete] (node:internal/dns/promises:251:17)',
  label: 'UMS',
  timestamp: '2023-06-07T06:29:35.922Z'
}
